2019-07-22 10:25:27,515 - INFO - neurons= [60]
2019-07-22 10:25:27,516 - INFO - learning rate=7e-05 momentum update=0.99 minibatch=100
2019-07-22 10:27:02,573 - INFO - Train acc - epoch: 1000:  [0.05666762], 98.88%
2019-07-22 10:27:02,579 - INFO - Test acc - epoch:[0.06277633]
2019-07-22 10:27:02,585 - INFO - res [0.06277633], R2 98.64%
cluster=[3195, 45]
2019-07-22 10:27:09,024 - INFO - learning rate=7e-05 momentum update=0.99 minibatch=100
2019-07-22 10:28:55,946 - INFO - Train acc - epoch: 300:  [0.04886462], 99.24%
2019-07-22 10:28:55,953 - INFO - Test acc - epoch:[0.05659988]
2019-07-22 10:28:55,959 - INFO - res [0.05659988], R2 99.01%
cluster=[2130, 30]
2019-07-22 10:29:00,013 - INFO - learning rate=7e-05 momentum update=0.99 minibatch=100
2019-07-22 10:30:21,089 - INFO - Train acc - epoch: 300:  [0.04706417], 99.31%
2019-07-22 10:30:21,096 - INFO - Test acc - epoch:[0.05429248]
2019-07-22 10:30:21,103 - INFO - res [0.05429248], R2 99.08%
cluster=[1491, 21]
2019-07-22 10:30:24,284 - INFO - learning rate=7e-05 momentum update=0.99 minibatch=100
2019-07-22 10:31:31,040 - INFO - Train acc - epoch: 300:  [0.04619232], 99.33%
2019-07-22 10:31:31,048 - INFO - Test acc - epoch:[0.05279852]
2019-07-22 10:31:31,055 - INFO - res [0.05279852], R2 99.12%
cluster=[852, 12]
2019-07-22 10:31:32,404 - INFO - learning rate=7e-05 momentum update=0.99 minibatch=100
2019-07-22 10:32:26,832 - INFO - Train acc - epoch: 300:  [0.05080913], 99.23%
2019-07-22 10:32:26,838 - INFO - Test acc - epoch:[0.05811678]
2019-07-22 10:32:26,846 - INFO - res [0.05811678], R2 99.0%
######################################################################################################################################################
2019-07-22 10:32:26,870 - INFO - neurons= [70]
2019-07-22 10:32:26,872 - INFO - learning rate=7e-05 momentum update=0.99 minibatch=100
2019-07-22 10:34:05,391 - INFO - Train acc - epoch: 1000:  [0.05448134], 98.93%
2019-07-22 10:34:05,397 - INFO - Test acc - epoch:[0.06081188]
2019-07-22 10:34:05,406 - INFO - res [0.06081188], R2 98.68%
cluster=[3727, 52]
2019-07-22 10:34:13,404 - INFO - learning rate=7e-05 momentum update=0.99 minibatch=100
2019-07-22 10:36:00,424 - INFO - Train acc - epoch: 300:  [0.0473157], 99.27%
2019-07-22 10:36:00,430 - INFO - Test acc - epoch:[0.05490078]
2019-07-22 10:36:00,439 - INFO - res [0.05490078], R2 99.02%
cluster=[2485, 35]
2019-07-22 10:36:05,796 - INFO - learning rate=7e-05 momentum update=0.99 minibatch=100
2019-07-22 10:37:28,455 - INFO - Train acc - epoch: 300:  [0.04671874], 99.3%
2019-07-22 10:37:28,463 - INFO - Test acc - epoch:[0.0539658]
2019-07-22 10:37:28,472 - INFO - res [0.0539658], R2 99.05%
cluster=[1739, 24]
2019-07-22 10:37:32,221 - INFO - learning rate=7e-05 momentum update=0.99 minibatch=100
2019-07-22 10:38:43,896 - INFO - Train acc - epoch: 300:  [0.04637274], 99.32%
2019-07-22 10:38:43,901 - INFO - Test acc - epoch:[0.05363374]
2019-07-22 10:38:43,911 - INFO - res [0.05363374], R2 99.09%
cluster=[994, 14]
2019-07-22 10:38:45,832 - INFO - learning rate=7e-05 momentum update=0.99 minibatch=100
2019-07-22 10:39:48,529 - INFO - Train acc - epoch: 300:  [0.04875836], 99.29%
2019-07-22 10:39:48,536 - INFO - Test acc - epoch:[0.05652507]
2019-07-22 10:39:48,547 - INFO - res [0.05652507], R2 99.04%
######################################################################################################################################################
2019-07-22 10:39:48,582 - INFO - neurons= [90]
2019-07-22 10:39:48,585 - INFO - learning rate=7e-05 momentum update=0.99 minibatch=100
2019-07-22 10:41:47,171 - INFO - Train acc - epoch: 1000:  [0.05393655], 98.97%
2019-07-22 10:41:47,186 - INFO - Test acc - epoch:[0.06003243]
2019-07-22 10:41:47,198 - INFO - res [0.06003243], R2 98.73%
cluster=[4792, 67]
2019-07-22 10:42:00,357 - INFO - learning rate=7e-05 momentum update=0.99 minibatch=100
2019-07-22 10:44:07,306 - INFO - Train acc - epoch: 300:  [0.04516115], 99.34%
2019-07-22 10:44:07,321 - INFO - Test acc - epoch:[0.05303324]
2019-07-22 10:44:07,329 - INFO - res [0.05303324], R2 99.09%
cluster=[3195, 45]
2019-07-22 10:44:16,110 - INFO - learning rate=7e-05 momentum update=0.99 minibatch=100
2019-07-22 10:46:01,430 - INFO - Train acc - epoch: 300:  [0.04410136], 99.38%
2019-07-22 10:46:01,443 - INFO - Test acc - epoch:[0.05158534]
2019-07-22 10:46:01,450 - INFO - res [0.05158534], R2 99.15%
cluster=[2236, 31]
2019-07-22 10:46:07,531 - INFO - learning rate=7e-05 momentum update=0.99 minibatch=100
2019-07-22 10:47:38,490 - INFO - Train acc - epoch: 300:  [0.04444403], 99.38%
2019-07-22 10:47:38,505 - INFO - Test acc - epoch:[0.05173759]
2019-07-22 10:47:38,513 - INFO - res [0.05173759], R2 99.17%
cluster=[1278, 18]
2019-07-22 10:47:41,443 - INFO - learning rate=7e-05 momentum update=0.99 minibatch=100
2019-07-22 10:49:02,732 - INFO - Train acc - epoch: 300:  [0.04585725], 99.35%
2019-07-22 10:49:02,743 - INFO - Test acc - epoch:[0.05288044]
2019-07-22 10:49:02,754 - INFO - res [0.05288044], R2 99.14%
######################################################################################################################################################
2019-07-22 10:49:02,809 - INFO - neurons= [110]
2019-07-22 10:49:02,812 - INFO - learning rate=7e-05 momentum update=0.99 minibatch=100
2019-07-22 10:51:35,973 - INFO - Train acc - epoch: 1000:  [0.05309328], 98.98%
2019-07-22 10:51:35,990 - INFO - Test acc - epoch:[0.0594227]
2019-07-22 10:51:35,999 - INFO - res [0.0594227], R2 98.74%
cluster=[5857, 82]
2019-07-22 10:51:54,114 - INFO - learning rate=7e-05 momentum update=0.99 minibatch=100
2019-07-22 10:54:24,692 - INFO - Train acc - epoch: 300:  [0.0460832], 99.34%
2019-07-22 10:54:24,707 - INFO - Test acc - epoch:[0.05473673]
2019-07-22 10:54:24,721 - INFO - res [0.05473673], R2 99.08%
cluster=[3905, 55]
2019-07-22 10:54:36,735 - INFO - learning rate=7e-05 momentum update=0.99 minibatch=100
2019-07-22 10:56:42,733 - INFO - Train acc - epoch: 300:  [0.04453136], 99.39%
2019-07-22 10:56:42,749 - INFO - Test acc - epoch:[0.05282329]
2019-07-22 10:56:42,761 - INFO - res [0.05282329], R2 99.15%
cluster=[2733, 38]
2019-07-22 10:56:51,190 - INFO - learning rate=7e-05 momentum update=0.99 minibatch=100
2019-07-22 10:58:42,323 - INFO - Train acc - epoch: 300:  [0.0433772], 99.43%
2019-07-22 10:58:42,338 - INFO - Test acc - epoch:[0.05188906]
2019-07-22 10:58:42,349 - INFO - res [0.05188906], R2 99.19%
cluster=[1562, 22]
2019-07-22 10:58:45,924 - INFO - learning rate=7e-05 momentum update=0.99 minibatch=100
2019-07-22 11:00:19,765 - INFO - Train acc - epoch: 300:  [0.04477993], 99.41%
2019-07-22 11:00:19,779 - INFO - Test acc - epoch:[0.05234603]
2019-07-22 11:00:19,787 - INFO - res [0.05234603], R2 99.2%
######################################################################################################################################################
2019-07-22 11:00:19,861 - INFO - neurons= [120]
2019-07-22 11:00:19,864 - INFO - learning rate=7e-05 momentum update=0.99 minibatch=100
2019-07-22 11:02:57,909 - INFO - Train acc - epoch: 1000:  [0.053408], 98.97%
2019-07-22 11:02:57,923 - INFO - Test acc - epoch:[0.06050899]
2019-07-22 11:02:57,936 - INFO - res [0.06050899], R2 98.71%
cluster=[6390, 90]
2019-07-22 11:03:17,940 - INFO - learning rate=7e-05 momentum update=0.99 minibatch=100
2019-07-22 11:06:05,545 - INFO - Train acc - epoch: 300:  [0.04450379], 99.35%
2019-07-22 11:06:05,561 - INFO - Test acc - epoch:[0.05302673]
2019-07-22 11:06:05,570 - INFO - res [0.05302673], R2 99.11%
cluster=[4260, 60]
2019-07-22 11:06:19,444 - INFO - learning rate=7e-05 momentum update=0.99 minibatch=100
2019-07-22 11:08:33,655 - INFO - Train acc - epoch: 300:  [0.04389834], 99.38%
2019-07-22 11:08:33,670 - INFO - Test acc - epoch:[0.05241264]
2019-07-22 11:08:33,680 - INFO - res [0.05241264], R2 99.13%
cluster=[2982, 42]
2019-07-22 11:08:43,208 - INFO - learning rate=7e-05 momentum update=0.99 minibatch=100
2019-07-22 11:10:36,817 - INFO - Train acc - epoch: 300:  [0.04414284], 99.39%
2019-07-22 11:10:36,833 - INFO - Test acc - epoch:[0.05214083]
2019-07-22 11:10:36,846 - INFO - res [0.05214083], R2 99.15%
cluster=[1704, 24]
2019-07-22 11:10:40,889 - INFO - learning rate=7e-05 momentum update=0.99 minibatch=100
2019-07-22 11:12:20,376 - INFO - Train acc - epoch: 300:  [0.04593555], 99.35%
2019-07-22 11:12:20,393 - INFO - Test acc - epoch:[0.05399622]
2019-07-22 11:12:20,402 - INFO - res [0.05399622], R2 99.1%
