2019-07-19 10:57:55,599 - INFO - neurons= [256]
2019-07-19 10:57:55,600 - INFO - learning rate=0.003 momentum update=0.9 minibatch=64
2019-07-19 10:57:55,612 - DEBUG - mse - epoch 0:  Train=[0.32916256]
2019-07-19 10:57:55,618 - INFO - Train - epoch: 1 loss:  [0.32916256]
2019-07-19 10:57:55,619 - DEBUG - -------------------------------------------------------------------------------
2019-07-19 10:57:55,624 - INFO - neurons= [256]
2019-07-19 10:57:55,628 - INFO - learning rate=0.003 momentum update=0.9 minibatch=64
2019-07-19 10:57:55,644 - DEBUG - mse - epoch 0:  Train=[0.33096576]
2019-07-19 10:57:55,653 - INFO - Train - epoch: 1 loss:  [0.33096576]
2019-07-19 10:57:55,654 - DEBUG - -------------------------------------------------------------------------------
2019-07-19 10:57:55,662 - INFO - neurons= [256]
2019-07-19 10:57:55,664 - INFO - learning rate=0.003 momentum update=0.9 minibatch=64
2019-07-19 10:57:55,699 - DEBUG - mse - epoch 0:  Train=[0.32789209]
2019-07-19 10:57:55,718 - INFO - Train - epoch: 1 loss:  [0.32789209]
2019-07-19 10:57:55,719 - DEBUG - -------------------------------------------------------------------------------
2019-07-19 10:57:55,769 - INFO - neurons= [256]
2019-07-19 10:57:55,778 - INFO - learning rate=0.003 momentum update=0.9 minibatch=64
2019-07-19 10:57:55,850 - DEBUG - mse - epoch 0:  Train=[0.04838947]
2019-07-19 10:57:55,887 - INFO - Train - epoch: 1 loss:  [0.04838947]
2019-07-19 10:57:55,890 - DEBUG - -------------------------------------------------------------------------------
2019-07-19 10:57:55,949 - INFO - neurons= [256]
2019-07-19 10:57:55,951 - INFO - learning rate=0.003 momentum update=0.9 minibatch=64
2019-07-19 10:57:56,113 - DEBUG - mse - epoch 0:  Train=[0.01067129]
2019-07-19 10:57:56,202 - INFO - Train - epoch: 1 loss:  [0.01067129]
2019-07-19 10:57:56,204 - DEBUG - -------------------------------------------------------------------------------
2019-07-19 10:57:56,287 - INFO - neurons= [256]
2019-07-19 10:57:56,295 - INFO - learning rate=0.003 momentum update=0.9 minibatch=64
2019-07-19 10:57:56,550 - DEBUG - mse - epoch 0:  Train=[0.00292021]
2019-07-19 10:57:56,679 - INFO - Train - epoch: 1 loss:  [0.00292021]
2019-07-19 10:57:56,680 - DEBUG - -------------------------------------------------------------------------------
2019-07-19 10:57:56,781 - INFO - neurons= [256]
2019-07-19 10:57:56,785 - INFO - learning rate=0.003 momentum update=0.9 minibatch=64
2019-07-19 10:57:57,282 - DEBUG - mse - epoch 0:  Train=[0.00137775]
2019-07-19 10:57:57,524 - INFO - Train - epoch: 1 loss:  [0.00137775]
2019-07-19 10:57:57,526 - DEBUG - -------------------------------------------------------------------------------
2019-07-19 10:57:57,729 - INFO - neurons= [256]
2019-07-19 10:57:57,734 - INFO - learning rate=0.003 momentum update=0.9 minibatch=64
2019-07-19 10:57:58,621 - DEBUG - mse - epoch 0:  Train=[0.00214831]
2019-07-19 10:57:59,037 - INFO - Train - epoch: 1 loss:  [0.00214831]
2019-07-19 10:57:59,040 - DEBUG - -------------------------------------------------------------------------------
2019-07-19 10:57:59,393 - INFO - neurons= [256]
2019-07-19 10:57:59,394 - INFO - learning rate=0.003 momentum update=0.9 minibatch=64
2019-07-19 10:58:05,410 - DEBUG - mse - epoch 0:  Train=[0.00018253]
2019-07-19 10:58:08,074 - INFO - Train - epoch: 1 loss:  [0.00018253]
2019-07-19 10:58:08,075 - DEBUG - -------------------------------------------------------------------------------
2019-07-19 10:58:10,509 - INFO - neurons= [256]
2019-07-19 10:58:10,516 - INFO - learning rate=0.003 momentum update=0.9 minibatch=64
2019-07-19 11:11:09,919 - INFO - neurons= [256]
2019-07-19 11:11:35,282 - INFO - neurons= [256]
2019-07-19 11:11:35,373 - INFO - neurons= [256]
2019-07-19 11:11:35,429 - INFO - neurons= [256]
2019-07-19 11:11:35,511 - INFO - neurons= [256]
2019-07-19 11:11:35,635 - INFO - neurons= [256]
2019-07-19 11:11:35,840 - INFO - neurons= [256]
2019-07-19 11:11:36,211 - INFO - neurons= [256]
2019-07-19 11:11:36,908 - INFO - neurons= [256]
2019-07-19 11:18:33,077 - INFO - neurons= [256]
2019-07-19 11:18:33,097 - INFO - neurons= [256]
2019-07-19 11:18:33,124 - INFO - neurons= [256]
2019-07-19 11:18:33,167 - INFO - neurons= [256]
2019-07-19 11:18:33,245 - INFO - neurons= [256]
2019-07-19 11:18:33,386 - INFO - neurons= [256]
2019-07-19 11:18:33,656 - INFO - neurons= [256]
2019-07-19 11:18:34,194 - INFO - neurons= [256]
